Performing C SOURCE FILE Test CMAKE_HAVE_LIBC_PTHREAD failed with the following output:
Change Dir: /home/artinx-000/detection_ws/src/cmake-build-debug/CMakeFiles/CMakeTmp

Run Build Command(s):/usr/bin/make cmTC_a05ef/fast && /usr/bin/make  -f CMakeFiles/cmTC_a05ef.dir/build.make CMakeFiles/cmTC_a05ef.dir/build
make[1]: Entering directory '/home/artinx-000/detection_ws/src/cmake-build-debug/CMakeFiles/CMakeTmp'
Building C object CMakeFiles/cmTC_a05ef.dir/src.c.o
/usr/bin/cc   -DCMAKE_HAVE_LIBC_PTHREAD   -o CMakeFiles/cmTC_a05ef.dir/src.c.o   -c /home/artinx-000/detection_ws/src/cmake-build-debug/CMakeFiles/CMakeTmp/src.c
Linking C executable cmTC_a05ef
/home/artinx-000/.local/share/JetBrains/Toolbox/apps/CLion/ch-0/202.7660.37/bin/cmake/linux/bin/cmake -E cmake_link_script CMakeFiles/cmTC_a05ef.dir/link.txt --verbose=1
/usr/bin/cc  -DCMAKE_HAVE_LIBC_PTHREAD    -rdynamic CMakeFiles/cmTC_a05ef.dir/src.c.o  -o cmTC_a05ef 
CMakeFiles/cmTC_a05ef.dir/src.c.o: In function `main':
src.c:(.text+0x3c): undefined reference to `pthread_create'
src.c:(.text+0x48): undefined reference to `pthread_detach'
src.c:(.text+0x54): undefined reference to `pthread_cancel'
src.c:(.text+0x65): undefined reference to `pthread_join'
src.c:(.text+0x79): undefined reference to `pthread_atfork'
collect2: error: ld returned 1 exit status
CMakeFiles/cmTC_a05ef.dir/build.make:106: recipe for target 'cmTC_a05ef' failed
make[1]: *** [cmTC_a05ef] Error 1
make[1]: Leaving directory '/home/artinx-000/detection_ws/src/cmake-build-debug/CMakeFiles/CMakeTmp'
Makefile:141: recipe for target 'cmTC_a05ef/fast' failed
make: *** [cmTC_a05ef/fast] Error 2


Source file was:
#include <pthread.h>

void* test_func(void* data)
{
  return data;
}

int main(void)
{
  pthread_t thread;
  pthread_create(&thread, NULL, test_func, NULL);
  pthread_detach(thread);
  pthread_cancel(thread);
  pthread_join(thread, NULL);
  pthread_atfork(NULL, NULL, NULL);
  pthread_exit(NULL);

  return 0;
}

Determining if the function pthread_create exists in the pthreads failed with the following output:
Change Dir: /home/artinx-000/detection_ws/src/cmake-build-debug/CMakeFiles/CMakeTmp

Run Build Command(s):/usr/bin/make cmTC_8b109/fast && /usr/bin/make  -f CMakeFiles/cmTC_8b109.dir/build.make CMakeFiles/cmTC_8b109.dir/build
make[1]: Entering directory '/home/artinx-000/detection_ws/src/cmake-build-debug/CMakeFiles/CMakeTmp'
Building C object CMakeFiles/cmTC_8b109.dir/CheckFunctionExists.c.o
/usr/bin/cc   -DCHECK_FUNCTION_EXISTS=pthread_create   -o CMakeFiles/cmTC_8b109.dir/CheckFunctionExists.c.o   -c /home/artinx-000/.local/share/JetBrains/Toolbox/apps/CLion/ch-0/202.7660.37/bin/cmake/linux/share/cmake-3.17/Modules/CheckFunctionExists.c
Linking C executable cmTC_8b109
/home/artinx-000/.local/share/JetBrains/Toolbox/apps/CLion/ch-0/202.7660.37/bin/cmake/linux/bin/cmake -E cmake_link_script CMakeFiles/cmTC_8b109.dir/link.txt --verbose=1
/usr/bin/cc  -DCHECK_FUNCTION_EXISTS=pthread_create    -rdynamic CMakeFiles/cmTC_8b109.dir/CheckFunctionExists.c.o  -o cmTC_8b109  -lpthreads 
/usr/bin/ld: cannot find -lpthreads
collect2: error: ld returned 1 exit status
CMakeFiles/cmTC_8b109.dir/build.make:106: recipe for target 'cmTC_8b109' failed
make[1]: *** [cmTC_8b109] Error 1
make[1]: Leaving directory '/home/artinx-000/detection_ws/src/cmake-build-debug/CMakeFiles/CMakeTmp'
Makefile:141: recipe for target 'cmTC_8b109/fast' failed
make: *** [cmTC_8b109/fast] Error 2



